CRITICAL - 2023-08-18 12:07:25 --> Undefined array key "id_login"
in APPPATH/Modules/User/Controllers/Api/User.php on line 238.
 1 APPPATH/Modules/User/Controllers/Api/User.php(238): CodeIgniter\Debug\Exceptions->errorHandler()
 2 SYSTEMPATH/CodeIgniter.php(932): App\Modules\User\Controllers\Api\User->changePassword()
 3 SYSTEMPATH/CodeIgniter.php(497): CodeIgniter\CodeIgniter->runController()
 4 SYSTEMPATH/CodeIgniter.php(366): CodeIgniter\CodeIgniter->handleRequest()
 5 FCPATH/index.php(67): CodeIgniter\CodeIgniter->run()
CRITICAL - 2023-08-18 12:07:28 --> Undefined array key "id_login"
in APPPATH/Modules/User/Controllers/Api/User.php on line 238.
 1 APPPATH/Modules/User/Controllers/Api/User.php(238): CodeIgniter\Debug\Exceptions->errorHandler()
 2 SYSTEMPATH/CodeIgniter.php(932): App\Modules\User\Controllers\Api\User->changePassword()
 3 SYSTEMPATH/CodeIgniter.php(497): CodeIgniter\CodeIgniter->runController()
 4 SYSTEMPATH/CodeIgniter.php(366): CodeIgniter\CodeIgniter->handleRequest()
 5 FCPATH/index.php(67): CodeIgniter\CodeIgniter->run()
CRITICAL - 2023-08-18 12:08:05 --> Undefined array key "id_login"
in APPPATH/Modules/User/Controllers/Api/User.php on line 238.
 1 APPPATH/Modules/User/Controllers/Api/User.php(238): CodeIgniter\Debug\Exceptions->errorHandler()
 2 SYSTEMPATH/CodeIgniter.php(932): App\Modules\User\Controllers\Api\User->changePassword()
 3 SYSTEMPATH/CodeIgniter.php(497): CodeIgniter\CodeIgniter->runController()
 4 SYSTEMPATH/CodeIgniter.php(366): CodeIgniter\CodeIgniter->handleRequest()
 5 FCPATH/index.php(67): CodeIgniter\CodeIgniter->run()
