ERROR - 2023-12-01 00:11:52 --> Error connecting to the database: mysqli_sql_exception: Access denied for user 'puskesma_alfianaji24'@'localhost' (using password: YES) in /home/puskesm6/dashboard_app/disfo/system/Database/MySQLi/Connection.php:174
Stack trace:
#0 /home/puskesm6/dashboard_app/disfo/system/Database/MySQLi/Connection.php(174): mysqli->real_connect('localhost', 'puskesma_alfian...', '#Balaraja123', 'puskesma_disfo', 3306, '', 0)
#1 /home/puskesm6/dashboard_app/disfo/system/Database/BaseConnection.php(391): CodeIgniter\Database\MySQLi\Connection->connect(false)
#2 /home/puskesm6/dashboard_app/disfo/system/Database/BaseConnection.php(574): CodeIgniter\Database\BaseConnection->initialize()
#3 /home/puskesm6/dashboard_app/disfo/system/Database/BaseBuilder.php(1616): CodeIgniter\Database\BaseConnection->query('SELECT *\nFROM `...', Array, false)
#4 /home/puskesm6/dashboard_app/disfo/app/Libraries/Settings.php(14): CodeIgniter\Database\BaseBuilder->get()
#5 /home/puskesm6/dashboard_app/disfo/app/Controllers/Home.php(14): App\Libraries\Settings->__construct()
#6 /home/puskesm6/dashboard_app/disfo/system/CodeIgniter.php(904): App\Controllers\Home->__construct()
#7 /home/puskesm6/dashboard_app/disfo/system/CodeIgniter.php(488): CodeIgniter\CodeIgniter->createController()
#8 /home/puskesm6/dashboard_app/disfo/system/CodeIgniter.php(366): CodeIgniter\CodeIgniter->handleRequest(NULL, Object(Config\Cache), false)
#9 /home/puskesm6/dispa.puskesmasbalaraja.com/index.php(67): CodeIgniter\CodeIgniter->run()
#10 {main}

Next CodeIgniter\Database\Exceptions\DatabaseException: Access denied for user '****'@'localhost' (using password: YES) in /home/puskesm6/dashboard_app/disfo/system/Database/MySQLi/Connection.php:218
Stack trace:
#0 /home/puskesm6/dashboard_app/disfo/system/Database/BaseConnection.php(391): CodeIgniter\Database\MySQLi\Connection->connect(false)
#1 /home/puskesm6/dashboard_app/disfo/system/Database/BaseConnection.php(574): CodeIgniter\Database\BaseConnection->initialize()
#2 /home/puskesm6/dashboard_app/disfo/system/Database/BaseBuilder.php(1616): CodeIgniter\Database\BaseConnection->query('SELECT *\nFROM `...', Array, false)
#3 /home/puskesm6/dashboard_app/disfo/app/Libraries/Settings.php(14): CodeIgniter\Database\BaseBuilder->get()
#4 /home/puskesm6/dashboard_app/disfo/app/Controllers/Home.php(14): App\Libraries\Settings->__construct()
#5 /home/puskesm6/dashboard_app/disfo/system/CodeIgniter.php(904): App\Controllers\Home->__construct()
#6 /home/puskesm6/dashboard_app/disfo/system/CodeIgniter.php(488): CodeIgniter\CodeIgniter->createController()
#7 /home/puskesm6/dashboard_app/disfo/system/CodeIgniter.php(366): CodeIgniter\CodeIgniter->handleRequest(NULL, Object(Config\Cache), false)
#8 /home/puskesm6/dispa.puskesmasbalaraja.com/index.php(67): CodeIgniter\CodeIgniter->run()
#9 {main}
CRITICAL - 2023-12-01 00:11:52 --> Unable to connect to the database.
Main connection [MySQLi]: Access denied for user '****'@'localhost' (using password: YES)
in SYSTEMPATH/Database/BaseConnection.php on line 427.
 1 SYSTEMPATH/Database/BaseConnection.php(574): CodeIgniter\Database\BaseConnection->initialize()
 2 SYSTEMPATH/Database/BaseBuilder.php(1616): CodeIgniter\Database\BaseConnection->query('SELECT *
FROM `settings`', [], false)
 3 APPPATH/Libraries/Settings.php(14): CodeIgniter\Database\BaseBuilder->get()
 4 APPPATH/Controllers/Home.php(14): App\Libraries\Settings->__construct()
 5 SYSTEMPATH/CodeIgniter.php(904): App\Controllers\Home->__construct()
 6 SYSTEMPATH/CodeIgniter.php(488): CodeIgniter\CodeIgniter->createController()
 7 SYSTEMPATH/CodeIgniter.php(366): CodeIgniter\CodeIgniter->handleRequest(null, Object(Config\Cache), false)
 8 FCPATH/index.php(67): CodeIgniter\CodeIgniter->run()
ERROR - 2023-12-01 02:30:25 --> Error connecting to the database: mysqli_sql_exception: Access denied for user 'puskesma_alfianaji24'@'localhost' (using password: YES) in /home/puskesm6/dashboard_app/disfo/system/Database/MySQLi/Connection.php:174
Stack trace:
#0 /home/puskesm6/dashboard_app/disfo/system/Database/MySQLi/Connection.php(174): mysqli->real_connect('localhost', 'puskesma_alfian...', '#Balaraja123', 'puskesma_disfo', 3306, '', 0)
#1 /home/puskesm6/dashboard_app/disfo/system/Database/BaseConnection.php(391): CodeIgniter\Database\MySQLi\Connection->connect(false)
#2 /home/puskesm6/dashboard_app/disfo/system/Database/BaseConnection.php(574): CodeIgniter\Database\BaseConnection->initialize()
#3 /home/puskesm6/dashboard_app/disfo/system/Database/BaseBuilder.php(1616): CodeIgniter\Database\BaseConnection->query('SELECT *\nFROM `...', Array, false)
#4 /home/puskesm6/dashboard_app/disfo/app/Libraries/Settings.php(14): CodeIgniter\Database\BaseBuilder->get()
#5 /home/puskesm6/dashboard_app/disfo/app/Controllers/Home.php(14): App\Libraries\Settings->__construct()
#6 /home/puskesm6/dashboard_app/disfo/system/CodeIgniter.php(904): App\Controllers\Home->__construct()
#7 /home/puskesm6/dashboard_app/disfo/system/CodeIgniter.php(488): CodeIgniter\CodeIgniter->createController()
#8 /home/puskesm6/dashboard_app/disfo/system/CodeIgniter.php(366): CodeIgniter\CodeIgniter->handleRequest(NULL, Object(Config\Cache), false)
#9 /home/puskesm6/dispa.puskesmasbalaraja.com/index.php(67): CodeIgniter\CodeIgniter->run()
#10 {main}

Next CodeIgniter\Database\Exceptions\DatabaseException: Access denied for user '****'@'localhost' (using password: YES) in /home/puskesm6/dashboard_app/disfo/system/Database/MySQLi/Connection.php:218
Stack trace:
#0 /home/puskesm6/dashboard_app/disfo/system/Database/BaseConnection.php(391): CodeIgniter\Database\MySQLi\Connection->connect(false)
#1 /home/puskesm6/dashboard_app/disfo/system/Database/BaseConnection.php(574): CodeIgniter\Database\BaseConnection->initialize()
#2 /home/puskesm6/dashboard_app/disfo/system/Database/BaseBuilder.php(1616): CodeIgniter\Database\BaseConnection->query('SELECT *\nFROM `...', Array, false)
#3 /home/puskesm6/dashboard_app/disfo/app/Libraries/Settings.php(14): CodeIgniter\Database\BaseBuilder->get()
#4 /home/puskesm6/dashboard_app/disfo/app/Controllers/Home.php(14): App\Libraries\Settings->__construct()
#5 /home/puskesm6/dashboard_app/disfo/system/CodeIgniter.php(904): App\Controllers\Home->__construct()
#6 /home/puskesm6/dashboard_app/disfo/system/CodeIgniter.php(488): CodeIgniter\CodeIgniter->createController()
#7 /home/puskesm6/dashboard_app/disfo/system/CodeIgniter.php(366): CodeIgniter\CodeIgniter->handleRequest(NULL, Object(Config\Cache), false)
#8 /home/puskesm6/dispa.puskesmasbalaraja.com/index.php(67): CodeIgniter\CodeIgniter->run()
#9 {main}
CRITICAL - 2023-12-01 02:30:25 --> Unable to connect to the database.
Main connection [MySQLi]: Access denied for user '****'@'localhost' (using password: YES)
in SYSTEMPATH/Database/BaseConnection.php on line 427.
 1 SYSTEMPATH/Database/BaseConnection.php(574): CodeIgniter\Database\BaseConnection->initialize()
 2 SYSTEMPATH/Database/BaseBuilder.php(1616): CodeIgniter\Database\BaseConnection->query('SELECT *
FROM `settings`', [], false)
 3 APPPATH/Libraries/Settings.php(14): CodeIgniter\Database\BaseBuilder->get()
 4 APPPATH/Controllers/Home.php(14): App\Libraries\Settings->__construct()
 5 SYSTEMPATH/CodeIgniter.php(904): App\Controllers\Home->__construct()
 6 SYSTEMPATH/CodeIgniter.php(488): CodeIgniter\CodeIgniter->createController()
 7 SYSTEMPATH/CodeIgniter.php(366): CodeIgniter\CodeIgniter->handleRequest(null, Object(Config\Cache), false)
 8 FCPATH/index.php(67): CodeIgniter\CodeIgniter->run()
ERROR - 2023-12-01 10:10:02 --> Error connecting to the database: mysqli_sql_exception: Access denied for user 'puskesma_alfianaji24'@'localhost' (using password: YES) in /home/puskesm6/dashboard_app/disfo/system/Database/MySQLi/Connection.php:174
Stack trace:
#0 /home/puskesm6/dashboard_app/disfo/system/Database/MySQLi/Connection.php(174): mysqli->real_connect('localhost', 'puskesma_alfian...', '#Balaraja123', 'puskesma_disfo', 3306, '', 0)
#1 /home/puskesm6/dashboard_app/disfo/system/Database/BaseConnection.php(391): CodeIgniter\Database\MySQLi\Connection->connect(false)
#2 /home/puskesm6/dashboard_app/disfo/system/Database/BaseConnection.php(574): CodeIgniter\Database\BaseConnection->initialize()
#3 /home/puskesm6/dashboard_app/disfo/system/Database/BaseBuilder.php(1616): CodeIgniter\Database\BaseConnection->query('SELECT *\nFROM `...', Array, false)
#4 /home/puskesm6/dashboard_app/disfo/app/Libraries/Settings.php(14): CodeIgniter\Database\BaseBuilder->get()
#5 /home/puskesm6/dashboard_app/disfo/app/Controllers/Home.php(14): App\Libraries\Settings->__construct()
#6 /home/puskesm6/dashboard_app/disfo/system/CodeIgniter.php(904): App\Controllers\Home->__construct()
#7 /home/puskesm6/dashboard_app/disfo/system/CodeIgniter.php(488): CodeIgniter\CodeIgniter->createController()
#8 /home/puskesm6/dashboard_app/disfo/system/CodeIgniter.php(366): CodeIgniter\CodeIgniter->handleRequest(NULL, Object(Config\Cache), false)
#9 /home/puskesm6/dispa.puskesmasbalaraja.com/index.php(67): CodeIgniter\CodeIgniter->run()
#10 {main}

Next CodeIgniter\Database\Exceptions\DatabaseException: Access denied for user '****'@'localhost' (using password: YES) in /home/puskesm6/dashboard_app/disfo/system/Database/MySQLi/Connection.php:218
Stack trace:
#0 /home/puskesm6/dashboard_app/disfo/system/Database/BaseConnection.php(391): CodeIgniter\Database\MySQLi\Connection->connect(false)
#1 /home/puskesm6/dashboard_app/disfo/system/Database/BaseConnection.php(574): CodeIgniter\Database\BaseConnection->initialize()
#2 /home/puskesm6/dashboard_app/disfo/system/Database/BaseBuilder.php(1616): CodeIgniter\Database\BaseConnection->query('SELECT *\nFROM `...', Array, false)
#3 /home/puskesm6/dashboard_app/disfo/app/Libraries/Settings.php(14): CodeIgniter\Database\BaseBuilder->get()
#4 /home/puskesm6/dashboard_app/disfo/app/Controllers/Home.php(14): App\Libraries\Settings->__construct()
#5 /home/puskesm6/dashboard_app/disfo/system/CodeIgniter.php(904): App\Controllers\Home->__construct()
#6 /home/puskesm6/dashboard_app/disfo/system/CodeIgniter.php(488): CodeIgniter\CodeIgniter->createController()
#7 /home/puskesm6/dashboard_app/disfo/system/CodeIgniter.php(366): CodeIgniter\CodeIgniter->handleRequest(NULL, Object(Config\Cache), false)
#8 /home/puskesm6/dispa.puskesmasbalaraja.com/index.php(67): CodeIgniter\CodeIgniter->run()
#9 {main}
CRITICAL - 2023-12-01 10:10:02 --> Unable to connect to the database.
Main connection [MySQLi]: Access denied for user '****'@'localhost' (using password: YES)
in SYSTEMPATH/Database/BaseConnection.php on line 427.
 1 SYSTEMPATH/Database/BaseConnection.php(574): CodeIgniter\Database\BaseConnection->initialize()
 2 SYSTEMPATH/Database/BaseBuilder.php(1616): CodeIgniter\Database\BaseConnection->query('SELECT *
FROM `settings`', [], false)
 3 APPPATH/Libraries/Settings.php(14): CodeIgniter\Database\BaseBuilder->get()
 4 APPPATH/Controllers/Home.php(14): App\Libraries\Settings->__construct()
 5 SYSTEMPATH/CodeIgniter.php(904): App\Controllers\Home->__construct()
 6 SYSTEMPATH/CodeIgniter.php(488): CodeIgniter\CodeIgniter->createController()
 7 SYSTEMPATH/CodeIgniter.php(366): CodeIgniter\CodeIgniter->handleRequest(null, Object(Config\Cache), false)
 8 FCPATH/index.php(67): CodeIgniter\CodeIgniter->run()
ERROR - 2023-12-01 12:07:05 --> Error connecting to the database: mysqli_sql_exception: Access denied for user 'puskesma_alfianaji24'@'localhost' (using password: YES) in /home/puskesm6/dashboard_app/disfo/system/Database/MySQLi/Connection.php:174
Stack trace:
#0 /home/puskesm6/dashboard_app/disfo/system/Database/MySQLi/Connection.php(174): mysqli->real_connect('localhost', 'puskesma_alfian...', '#Balaraja123', 'puskesma_disfo', 3306, '', 0)
#1 /home/puskesm6/dashboard_app/disfo/system/Database/BaseConnection.php(391): CodeIgniter\Database\MySQLi\Connection->connect(false)
#2 /home/puskesm6/dashboard_app/disfo/system/Database/BaseConnection.php(574): CodeIgniter\Database\BaseConnection->initialize()
#3 /home/puskesm6/dashboard_app/disfo/system/Database/BaseBuilder.php(1616): CodeIgniter\Database\BaseConnection->query('SELECT *\nFROM `...', Array, false)
#4 /home/puskesm6/dashboard_app/disfo/app/Libraries/Settings.php(14): CodeIgniter\Database\BaseBuilder->get()
#5 /home/puskesm6/dashboard_app/disfo/app/Controllers/Home.php(14): App\Libraries\Settings->__construct()
#6 /home/puskesm6/dashboard_app/disfo/system/CodeIgniter.php(904): App\Controllers\Home->__construct()
#7 /home/puskesm6/dashboard_app/disfo/system/CodeIgniter.php(488): CodeIgniter\CodeIgniter->createController()
#8 /home/puskesm6/dashboard_app/disfo/system/CodeIgniter.php(366): CodeIgniter\CodeIgniter->handleRequest(NULL, Object(Config\Cache), false)
#9 /home/puskesm6/dispa.puskesmasbalaraja.com/index.php(67): CodeIgniter\CodeIgniter->run()
#10 {main}

Next CodeIgniter\Database\Exceptions\DatabaseException: Access denied for user '****'@'localhost' (using password: YES) in /home/puskesm6/dashboard_app/disfo/system/Database/MySQLi/Connection.php:218
Stack trace:
#0 /home/puskesm6/dashboard_app/disfo/system/Database/BaseConnection.php(391): CodeIgniter\Database\MySQLi\Connection->connect(false)
#1 /home/puskesm6/dashboard_app/disfo/system/Database/BaseConnection.php(574): CodeIgniter\Database\BaseConnection->initialize()
#2 /home/puskesm6/dashboard_app/disfo/system/Database/BaseBuilder.php(1616): CodeIgniter\Database\BaseConnection->query('SELECT *\nFROM `...', Array, false)
#3 /home/puskesm6/dashboard_app/disfo/app/Libraries/Settings.php(14): CodeIgniter\Database\BaseBuilder->get()
#4 /home/puskesm6/dashboard_app/disfo/app/Controllers/Home.php(14): App\Libraries\Settings->__construct()
#5 /home/puskesm6/dashboard_app/disfo/system/CodeIgniter.php(904): App\Controllers\Home->__construct()
#6 /home/puskesm6/dashboard_app/disfo/system/CodeIgniter.php(488): CodeIgniter\CodeIgniter->createController()
#7 /home/puskesm6/dashboard_app/disfo/system/CodeIgniter.php(366): CodeIgniter\CodeIgniter->handleRequest(NULL, Object(Config\Cache), false)
#8 /home/puskesm6/dispa.puskesmasbalaraja.com/index.php(67): CodeIgniter\CodeIgniter->run()
#9 {main}
CRITICAL - 2023-12-01 12:07:05 --> Unable to connect to the database.
Main connection [MySQLi]: Access denied for user '****'@'localhost' (using password: YES)
in SYSTEMPATH/Database/BaseConnection.php on line 427.
 1 SYSTEMPATH/Database/BaseConnection.php(574): CodeIgniter\Database\BaseConnection->initialize()
 2 SYSTEMPATH/Database/BaseBuilder.php(1616): CodeIgniter\Database\BaseConnection->query('SELECT *
FROM `settings`', [], false)
 3 APPPATH/Libraries/Settings.php(14): CodeIgniter\Database\BaseBuilder->get()
 4 APPPATH/Controllers/Home.php(14): App\Libraries\Settings->__construct()
 5 SYSTEMPATH/CodeIgniter.php(904): App\Controllers\Home->__construct()
 6 SYSTEMPATH/CodeIgniter.php(488): CodeIgniter\CodeIgniter->createController()
 7 SYSTEMPATH/CodeIgniter.php(366): CodeIgniter\CodeIgniter->handleRequest(null, Object(Config\Cache), false)
 8 FCPATH/index.php(67): CodeIgniter\CodeIgniter->run()
